0 info it worked if it ends with ok
1 verbose cli [ '/usr/bin/node', '/usr/bin/npm', 'run', 'serv' ]
2 info using npm@3.5.2
3 info using node@v8.10.0
4 verbose run-script [ 'preserv', 'serv', 'postserv' ]
5 info lifecycle geek_book@1.0.0~preserv: geek_book@1.0.0
6 silly lifecycle geek_book@1.0.0~preserv: no script for preserv, continuing
7 info lifecycle geek_book@1.0.0~serv: geek_book@1.0.0
8 verbose lifecycle geek_book@1.0.0~serv: unsafe-perm in lifecycle true
9 verbose lifecycle geek_book@1.0.0~serv: PATH: /usr/share/npm/bin/node-gyp-bin:/mnt/c/Users/Yassine Mellouki/Desktop/GeekBook/code/GeekBook/node_modules/.bin:/usr/local/sbin:/usr/local/bin:/usr/sbin:/usr/bin:/sbin:/bin:/snap/bin
10 verbose lifecycle geek_book@1.0.0~serv: CWD: /mnt/c/Users/Yassine Mellouki/Desktop/GeekBook/code/GeekBook
11 silly lifecycle geek_book@1.0.0~serv: Args: [ '-c', 'webpack-dev-server' ]
12 verbose stack Error: write EIO
12 verbose stack     at _errnoException (util.js:1022:11)
12 verbose stack     at WriteWrap.afterWrite [as oncomplete] (net.js:880:14)
13 verbose cwd /mnt/c/Users/Yassine Mellouki/Desktop/GeekBook/code/GeekBook
14 error Linux 4.4.0-17763-Microsoft
15 error argv "/usr/bin/node" "/usr/bin/npm" "run" "serv"
16 error node v8.10.0
17 error npm  v3.5.2
18 error code EIO
19 error errno EIO
20 error syscall write
21 error write EIO
22 error If you need help, you may report this error at:
22 error     <https://github.com/npm/npm/issues>
23 verbose exit [ 1, true ]
